2023-10-11 13:37:28 293 [main] DEBUG org.apache.ibatis.logging.LogFactory - Logging initialized using 'class org.apache.ibatis.logging.log4j2.Log4j2Impl' adapter.
2023-10-11 14:19:41 358 [main] DEBUG org.apache.ibatis.logging.LogFactory - Logging initialized using 'class org.apache.ibatis.logging.log4j2.Log4j2Impl' adapter.
2023-10-11 14:19:42 026 [main] DEBUG org.mybatis.spring.SqlSessionUtils - Creating a new SqlSession
2023-10-11 14:19:42 039 [main] DEBUG org.mybatis.spring.SqlSessionUtils - SqlSession [org.apache.ibatis.session.defaults.DefaultSqlSession@5241cf67] was not registered for synchronization because synchronization is not active
2023-10-11 14:19:42 083 [main] DEBUG org.mybatis.spring.transaction.SpringManagedTransaction - JDBC Connection [HikariProxyConnection@1101598632 wrapping org.mariadb.jdbc.Connection@3d8bbcdc] will not be managed by Spring
2023-10-11 14:19:42 091 [main] DEBUG userNS.selectUserById - ==>  Preparing: select * from users where userid=?
2023-10-11 14:19:42 172 [main] DEBUG userNS.selectUserById - ==> Parameters: dooly(String)
2023-10-11 14:19:42 213 [main] DEBUG userNS.selectUserById - <==      Total: 1
2023-10-11 14:19:42 214 [main] DEBUG org.mybatis.spring.SqlSessionUtils - Closing non transactional SqlSession [org.apache.ibatis.session.defaults.DefaultSqlSession@5241cf67]
2023-10-11 14:21:15 371 [main] DEBUG org.apache.ibatis.logging.LogFactory - Logging initialized using 'class org.apache.ibatis.logging.log4j2.Log4j2Impl' adapter.
2023-10-11 14:21:16 084 [main] DEBUG org.mybatis.spring.SqlSessionUtils - Creating a new SqlSession
2023-10-11 14:21:16 092 [main] DEBUG org.mybatis.spring.SqlSessionUtils - SqlSession [org.apache.ibatis.session.defaults.DefaultSqlSession@5241cf67] was not registered for synchronization because synchronization is not active
2023-10-11 14:21:16 095 [main] DEBUG org.mybatis.spring.SqlSessionUtils - Closing non transactional SqlSession [org.apache.ibatis.session.defaults.DefaultSqlSession@5241cf67]
2023-10-11 15:06:28 751 [main] DEBUG org.mybatis.spring.mapper.ClassPathMapperScanner - Identified candidate component class: file [C:\sts3.9-bundle\workspace\MySpringUser\target\classes\myspring\user\dao\mapper\UserMapper.class]
2023-10-11 15:06:28 996 [main] DEBUG org.apache.ibatis.logging.LogFactory - Logging initialized using 'class org.apache.ibatis.logging.log4j2.Log4j2Impl' adapter.
2023-10-11 15:06:29 294 [main] DEBUG org.mybatis.spring.SqlSessionUtils - Creating a new SqlSession
2023-10-11 15:06:29 305 [main] DEBUG org.mybatis.spring.SqlSessionUtils - SqlSession [org.apache.ibatis.session.defaults.DefaultSqlSession@73db4768] was not registered for synchronization because synchronization is not active
2023-10-11 15:06:29 630 [main] DEBUG org.mybatis.spring.transaction.SpringManagedTransaction - JDBC Connection [HikariProxyConnection@164714495 wrapping org.mariadb.jdbc.Connection@2f162cc0] will not be managed by Spring
2023-10-11 15:06:29 639 [main] DEBUG myspring.user.dao.mapper.UserMapper.selectUserById - ==>  Preparing: select * from users where userid=?
2023-10-11 15:06:29 676 [main] DEBUG myspring.user.dao.mapper.UserMapper.selectUserById - ==> Parameters: dooly(String)
2023-10-11 15:06:29 711 [main] DEBUG myspring.user.dao.mapper.UserMapper.selectUserById - <==      Total: 1
2023-10-11 15:06:29 721 [main] DEBUG org.mybatis.spring.SqlSessionUtils - Closing non transactional SqlSession [org.apache.ibatis.session.defaults.DefaultSqlSession@73db4768]
2023-10-11 15:06:51 286 [main] DEBUG org.mybatis.spring.mapper.ClassPathMapperScanner - Identified candidate component class: file [C:\sts3.9-bundle\workspace\MySpringUser\target\classes\myspring\user\dao\mapper\UserMapper.class]
2023-10-11 15:06:51 633 [main] DEBUG org.apache.ibatis.logging.LogFactory - Logging initialized using 'class org.apache.ibatis.logging.log4j2.Log4j2Impl' adapter.
2023-10-11 15:06:52 035 [main] DEBUG org.mybatis.spring.SqlSessionUtils - Creating a new SqlSession
2023-10-11 15:06:52 066 [main] DEBUG org.mybatis.spring.SqlSessionUtils - SqlSession [org.apache.ibatis.session.defaults.DefaultSqlSession@73db4768] was not registered for synchronization because synchronization is not active
2023-10-11 15:06:52 403 [main] DEBUG org.mybatis.spring.transaction.SpringManagedTransaction - JDBC Connection [HikariProxyConnection@164714495 wrapping org.mariadb.jdbc.Connection@2f162cc0] will not be managed by Spring
2023-10-11 15:06:52 412 [main] DEBUG myspring.user.dao.mapper.UserMapper.selectUserById - ==>  Preparing: select * from users where userid=?
2023-10-11 15:06:52 447 [main] DEBUG myspring.user.dao.mapper.UserMapper.selectUserById - ==> Parameters: gildong(String)
2023-10-11 15:06:52 472 [main] DEBUG myspring.user.dao.mapper.UserMapper.selectUserById - <==      Total: 1
2023-10-11 15:06:52 484 [main] DEBUG org.mybatis.spring.SqlSessionUtils - Closing non transactional SqlSession [org.apache.ibatis.session.defaults.DefaultSqlSession@73db4768]
2023-10-11 15:38:11 818 [main] DEBUG org.mybatis.spring.mapper.ClassPathMapperScanner - Identified candidate component class: file [C:\sts3.9-bundle\workspace\MySpringUser\target\classes\myspring\user\dao\mapper\UserMapper.class]
2023-10-11 15:38:12 205 [main] DEBUG org.apache.ibatis.logging.LogFactory - Logging initialized using 'class org.apache.ibatis.logging.log4j2.Log4j2Impl' adapter.
2023-10-11 15:38:12 656 [main] DEBUG org.mybatis.spring.SqlSessionUtils - Creating a new SqlSession
2023-10-11 15:38:12 714 [main] DEBUG org.mybatis.spring.SqlSessionUtils - SqlSession [org.apache.ibatis.session.defaults.DefaultSqlSession@2756c0a7] was not registered for synchronization because synchronization is not active
2023-10-11 15:38:13 000 [main] DEBUG org.mybatis.spring.transaction.SpringManagedTransaction - JDBC Connection [HikariProxyConnection@1349025531 wrapping org.mariadb.jdbc.Connection@517bd097] will not be managed by Spring
2023-10-11 15:38:13 010 [main] DEBUG myspring.user.dao.mapper.UserMapper.selectUserById - ==>  Preparing: select * from users where userid=?
2023-10-11 15:38:13 049 [main] DEBUG myspring.user.dao.mapper.UserMapper.selectUserById - ==> Parameters: gildong(String)
2023-10-11 15:38:13 077 [main] DEBUG myspring.user.dao.mapper.UserMapper.selectUserById - <==      Total: 1
2023-10-11 15:38:13 086 [main] DEBUG org.mybatis.spring.SqlSessionUtils - Closing non transactional SqlSession [org.apache.ibatis.session.defaults.DefaultSqlSession@2756c0a7]
2023-10-11 15:38:13 119 [main] DEBUG org.mybatis.spring.SqlSessionUtils - Creating a new SqlSession
2023-10-11 15:38:13 119 [main] DEBUG org.mybatis.spring.SqlSessionUtils - SqlSession [org.apache.ibatis.session.defaults.DefaultSqlSession@b5cc23a] was not registered for synchronization because synchronization is not active
2023-10-11 15:38:13 121 [main] DEBUG org.mybatis.spring.transaction.SpringManagedTransaction - JDBC Connection [HikariProxyConnection@1556461159 wrapping org.mariadb.jdbc.Connection@61edc883] will not be managed by Spring
2023-10-11 15:38:13 125 [main] DEBUG myspring.user.dao.mapper.UserMapper.selectUserById - ==>  Preparing: select * from users where userid=?
2023-10-11 15:38:13 125 [main] DEBUG myspring.user.dao.mapper.UserMapper.selectUserById - ==> Parameters: dooly(String)
2023-10-11 15:38:13 135 [main] DEBUG myspring.user.dao.mapper.UserMapper.selectUserById - <==      Total: 1
2023-10-11 15:38:13 136 [main] DEBUG org.mybatis.spring.SqlSessionUtils - Closing non transactional SqlSession [org.apache.ibatis.session.defaults.DefaultSqlSession@b5cc23a]
2023-10-11 15:38:46 522 [main] DEBUG org.mybatis.spring.mapper.ClassPathMapperScanner - Identified candidate component class: file [C:\sts3.9-bundle\workspace\MySpringUser\target\classes\myspring\user\dao\mapper\UserMapper.class]
2023-10-11 15:38:46 925 [main] DEBUG org.apache.ibatis.logging.LogFactory - Logging initialized using 'class org.apache.ibatis.logging.log4j2.Log4j2Impl' adapter.
2023-10-11 15:38:47 760 [main] DEBUG org.mybatis.spring.SqlSessionUtils - Creating a new SqlSession
2023-10-11 15:38:47 767 [main] DEBUG org.mybatis.spring.SqlSessionUtils - SqlSession [org.apache.ibatis.session.defaults.DefaultSqlSession@3b9d6699] was not registered for synchronization because synchronization is not active
2023-10-11 15:38:47 783 [main] DEBUG org.mybatis.spring.transaction.SpringManagedTransaction - JDBC Connection [HikariProxyConnection@454160179 wrapping org.mariadb.jdbc.Connection@476aac9] will not be managed by Spring
2023-10-11 15:38:47 791 [main] DEBUG myspring.user.dao.mapper.UserMapper.selectUserById - ==>  Preparing: select * from users where userid=?
2023-10-11 15:38:47 827 [main] DEBUG myspring.user.dao.mapper.UserMapper.selectUserById - ==> Parameters: dooly(String)
2023-10-11 15:38:47 870 [main] DEBUG myspring.user.dao.mapper.UserMapper.selectUserById - <==      Total: 1
2023-10-11 15:38:47 873 [main] DEBUG org.mybatis.spring.SqlSessionUtils - Closing non transactional SqlSession [org.apache.ibatis.session.defaults.DefaultSqlSession@3b9d6699]
